Arguments: 
  C:\Program Files\nodejs\node.exe C:\Users\NICK\AppData\Roaming\npm\node_modules\yarn\bin\yarn.js add lite-server --dev

PATH: 
  C:\Program Files\Python38\Scripts\;C:\Program Files\Python38\;C:\Program Files (x86)\Common Files\Oracle\Java\javapath;C:\WINDOWS\system32;C:\WINDOWS;C:\WINDOWS\System32\Wbem;C:\WINDOWS\System32\WindowsPowerShell\v1.0\;C:\WINDOWS\System32\OpenSSH\;C:\Program Files (x86)\NVIDIA Corporation\PhysX\Common;C:\Program Files\Microsoft SQL Server\120\Tools\Binn\;C:\Users\NICK\.dnx\bin;C:\Program Files\Microsoft DNX\Dnvm\;C:\Program Files (x86)\Windows Kits\10\Windows Performance Toolkit\;C:\Program Files\NVIDIA Corporation\NVIDIA NvDLISR;C:\Program Files\dotnet\;C:\Program Files (x86)\dotnet\;C:\Program Files (x86)\Calibre2\;C:\Program Files\Mu\bin;C:\WINDOWS\system32;C:\WINDOWS;C:\WINDOWS\System32\Wbem;C:\WINDOWS\System32\WindowsPowerShell\v1.0\;C:\WINDOWS\System32\OpenSSH\;C:\Users\NICK\AppData\Roaming\Microsoft\Windows\Start Menu\Programs\Python 3.8;C:\Program Files\nodejs\;C:\Users\NICK\AppData\Local\Microsoft\WindowsApps;C:\Users\NICK\AppData\Local\Programs\Microsoft VS Code\bin;C:\Users\NICK\spicetify-cli;C:\Users\NICK\AppData\Local\Microsoft\WindowsApps;C:\Users\NICK\AppData\Local\GitHubDesktop\bin;C:\Users\NICK\AppData\Roaming\npm

Yarn version: 
  1.22.4

Node version: 
  13.13.0

Platform: 
  win32 x64

Trace: 
  Error: EPERM: operation not permitted, unlink 'C:\Users\NICK\Desktop\Proyectos\Njambre\MEAN Njambre\node_modules\@angular\material\__ivy_ngcc__\fesm2015'

npm manifest: 
  {
    "name": "mean-course",
    "version": "0.0.0",
    "scripts": {
      "ng": "ng",
      "start": "ng serve",
      "build": "ng build",
      "test": "ng test",
      "lint": "ng lint",
      "e2e": "ng e2e",
      "start:server": "nodemon server.js"
    },
    "private": true,
    "dependencies": {
      "@angular/animations": "~9.1.1",
      "@angular/cdk": "^9.2.4",
      "@angular/common": "^9.1.9",
      "@angular/compiler": "^9.1.9",
      "@angular/core": "^9.1.9",
      "@angular/flex-layout": "^9.0.0-beta.31",
      "@angular/forms": "^9.1.9",
      "@angular/material": "^9.2.4",
      "@angular/platform-browser": "^9.1.9",
      "@angular/platform-browser-dynamic": "^9.1.9",
      "@angular/router": "^9.1.9",
      "body-parser": "^1.19.0",
      "chart.js": "^2.9.3",
      "express": "^4.17.1",
      "mongoose": "^5.9.17",
      "ng2-charts": "^2.3.2",
      "rxjs": "~6.5.4",
      "tslib": "^1.13.0",
      "zone.js": "~0.10.2"
    },
    "devDependencies": {
      "@angular-devkit/build-angular": "^0.901.7",
      "@angular/cli": "^9.1.7",
      "@angular/compiler-cli": "^9.1.9",
      "@angular/language-service": "^9.1.9",
      "@types/jasmine": "~3.5.0",
      "@types/jasminewd2": "~2.0.3",
      "@types/node": "^12.12.43",
      "codelyzer": "^5.1.2",
      "jasmine-core": "~3.5.0",
      "jasmine-spec-reporter": "~4.2.1",
      "karma": "~4.4.1",
      "karma-chrome-launcher": "~3.1.0",
      "karma-coverage-istanbul-reporter": "~2.1.0",
      "karma-jasmine": "~3.0.1",
      "karma-jasmine-html-reporter": "^1.5.4",
      "lite-server": "^2.5.4",
      "nodemon": "^2.0.4",
      "protractor": "~5.4.3",
      "ts-node": "~8.3.0",
      "tslint": "^6.1.2",
      "typescript": "~3.8.3"
    }
  }

yarn manifest: 
  No manifest

Lockfile: 
  No lockfile
